<?xml version="1.0" encoding="UTF-8"?>
<!-- Generated by org.testng.reporters.JUnitReportReporter -->
<testsuite hostname="LAPTOP-TELIJ693" failures="0" tests="3" name="dringDataFromExcelUsingDataProvider.ExcelDataUsingDataProvider" time="0.031" errors="0" timestamp="2023-03-13T18:24:59 IST" skipped="0">
  <testcase classname="dringDataFromExcelUsingDataProvider.ExcelDataUsingDataProvider" name="getDataFromExcel" time="0.003"/>
  <system-out/>
  <testcase classname="dringDataFromExcelUsingDataProvider.ExcelDataUsingDataProvider" name="getDataFromExcel" time="0.017"/>
  <system-out/>
  <testcase classname="dringDataFromExcelUsingDataProvider.ExcelDataUsingDataProvider" name="getDataFromExcel" time="0.011"/>
  <system-out/>
</testsuite> <!-- dringDataFromExcelUsingDataProvider.ExcelDataUsingDataProvider -->
